This file contains any messages produced by compilers while
running configure, to aid debugging if configure makes a mistake.

It was created by libimobiledevice configure 1.2.1, which was
generated by GNU Autoconf 2.69.  Invocation command line was

  $ ./configure 

## --------- ##
## Platform. ##
## --------- ##

hostname = bogon
uname -m = x86_64
uname -r = 17.7.0
uname -s = Darwin
uname -v = Darwin Kernel Version 17.7.0: Thu Jun 21 22:53:14 PDT 2018; root:xnu-4570.71.2~1/RELEASE_X86_64

/usr/bin/uname -p = i386
/bin/uname -X     = unknown

/bin/arch              = unknown
/usr/bin/arch -k       = unknown
/usr/convex/getsysinfo = unknown
/usr/bin/hostinfo      = Mach kernel version:
	 Darwin Kernel Version 17.7.0: Thu Jun 21 22:53:14 PDT 2018; root:xnu-4570.71.2~1/RELEASE_X86_64
Kernel configured for up to 4 processors.
2 processors are physically available.
4 processors are logically available.
Processor type: x86_64h (Intel x86-64h Haswell)
Processors active: 0 1 2 3
Primary memory available: 16.00 gigabytes
Default processor set: 376 tasks, 1488 threads, 4 processors
Load average: 2.82, Mach factor: 1.80
/bin/machine           = unknown
/usr/bin/oslevel       = unknown
/bin/universe          = unknown

PATH: /opt/local/bin
PATH: /opt/local/sbin
PATH: /usr/local/bin
PATH: /usr/bin
PATH: /bin
PATH: /usr/sbin
PATH: /sbin


## ----------- ##
## Core tests. ##
## ----------- ##

configure:2672: checking for a BSD-compatible install
configure:2740: result: /usr/bin/install -c
configure:2751: checking whether build environment is sane
configure:2806: result: yes
configure:2957: checking for a thread-safe mkdir -p
configure:2996: result: ./install-sh -c -d
configure:3003: checking for gawk
configure:3033: result: no
configure:3003: checking for mawk
configure:3033: result: no
configure:3003: checking for nawk
configure:3033: result: no
configure:3003: checking for awk
configure:3019: found /usr/bin/awk
configure:3030: result: awk
configure:3041: checking whether make sets $(MAKE)
configure:3063: result: yes
configure:3092: checking whether make supports nested variables
configure:3109: result: yes
configure:3246: checking whether make supports nested variables
configure:3263: result: yes
configure:3344: checking for gcc
configure:3360: found /usr/bin/gcc
configure:3371: result: gcc
configure:3600: checking for C compiler version
configure:3609: gcc --version >&5
Apple LLVM version 10.0.0 (clang-1000.11.45.5)
Target: x86_64-apple-darwin17.7.0
Thread model: posix
InstalledDir: /Applications/Xcode.app/Contents/Developer/Toolchains/XcodeDefault.xctoolchain/usr/bin
Configured with: --prefix=/Applications/Xcode.app/Contents/Developer/usr --with-gxx-include-dir=/usr/include/c++/4.2.1
configure:3620: $? = 0
configure:3609: gcc -v >&5
Configured with: --prefix=/Applications/Xcode.app/Contents/Developer/usr --with-gxx-include-dir=/usr/include/c++/4.2.1
Apple LLVM version 10.0.0 (clang-1000.11.45.5)
Target: x86_64-apple-darwin17.7.0
Thread model: posix
InstalledDir: /Applications/Xcode.app/Contents/Developer/Toolchains/XcodeDefault.xctoolchain/usr/bin
configure:3620: $? = 0
configure:3609: gcc -V >&5
clang: error: argument to '-V' is missing (expected 1 value)
clang: error: no input files
configure:3620: $? = 1
configure:3609: gcc -qversion >&5
clang: error: unknown argument: '-qversion'
clang: error: no input files
configure:3620: $? = 1
configure:3640: checking whether the C compiler works
configure:3662: gcc    conftest.c  >&5
configure:3666: $? = 0
configure:3714: result: yes
configure:3717: checking for C compiler default output file name
configure:3719: result: a.out
configure:3725: checking for suffix of executables
configure:3732: gcc -o conftest    conftest.c  >&5
configure:3736: $? = 0
configure:3758: result: 
configure:3780: checking whether we are cross compiling
configure:3788: gcc -o conftest    conftest.c  >&5
configure:3792: $? = 0
configure:3799: ./conftest
configure:3803: $? = 0
configure:3818: result: no
configure:3823: checking for suffix of object files
configure:3845: gcc -c   conftest.c >&5
configure:3849: $? = 0
configure:3870: result: o
configure:3874: checking whether we are using the GNU C compiler
configure:3893: gcc -c   conftest.c >&5
configure:3893: $? = 0
configure:3902: result: yes
configure:3911: checking whether gcc accepts -g
configure:3931: gcc -c -g  conftest.c >&5
configure:3931: $? = 0
configure:3972: result: yes
configure:3989: checking for gcc option to accept ISO C89
configure:4052: gcc  -c -g -O2  conftest.c >&5
configure:4052: $? = 0
configure:4065: result: none needed
configure:4090: checking whether gcc understands -c and -o together
configure:4112: gcc -c conftest.c -o conftest2.o
configure:4115: $? = 0
configure:4112: gcc -c conftest.c -o conftest2.o
configure:4115: $? = 0
configure:4127: result: yes
configure:4147: checking whether make supports the include directive
configure:4162: make -f confmf.GNU && cat confinc.out
this is the am__doit target
configure:4165: $? = 0
configure:4184: result: yes (GNU style)
configure:4209: checking dependency style of gcc
configure:4320: result: gcc3
configure:4393: checking for g++
configure:4409: found /usr/bin/g++
configure:4420: result: g++
configure:4447: checking for C++ compiler version
configure:4456: g++ --version >&5
Apple LLVM version 10.0.0 (clang-1000.11.45.5)
Target: x86_64-apple-darwin17.7.0
Thread model: posix
InstalledDir: /Applications/Xcode.app/Contents/Developer/Toolchains/XcodeDefault.xctoolchain/usr/bin
Configured with: --prefix=/Applications/Xcode.app/Contents/Developer/usr --with-gxx-include-dir=/usr/include/c++/4.2.1
configure:4467: $? = 0
configure:4456: g++ -v >&5
Configured with: --prefix=/Applications/Xcode.app/Contents/Developer/usr --with-gxx-include-dir=/usr/include/c++/4.2.1
Apple LLVM version 10.0.0 (clang-1000.11.45.5)
Target: x86_64-apple-darwin17.7.0
Thread model: posix
InstalledDir: /Applications/Xcode.app/Contents/Developer/Toolchains/XcodeDefault.xctoolchain/usr/bin
configure:4467: $? = 0
configure:4456: g++ -V >&5
clang: error: argument to '-V' is missing (expected 1 value)
clang: error: no input files
configure:4467: $? = 1
configure:4456: g++ -qversion >&5
clang: error: unknown argument: '-qversion'
clang: error: no input files
configure:4467: $? = 1
configure:4471: checking whether we are using the GNU C++ compiler
configure:4490: g++ -c   conftest.cpp >&5
configure:4490: $? = 0
configure:4499: result: yes
configure:4508: checking whether g++ accepts -g
configure:4528: g++ -c -g  conftest.cpp >&5
configure:4528: $? = 0
configure:4569: result: yes
configure:4594: checking dependency style of g++
configure:4705: result: gcc3
configure:4750: checking build system type
configure:4764: result: x86_64-apple-darwin17.7.0
configure:4784: checking host system type
configure:4797: result: x86_64-apple-darwin17.7.0
configure:4838: checking how to print strings
configure:4865: result: printf
configure:4886: checking for a sed that does not truncate output
configure:4950: result: /usr/bin/sed
configure:4968: checking for grep that handles long lines and -e
configure:5026: result: /usr/bin/grep
configure:5031: checking for egrep
configure:5093: result: /usr/bin/grep -E
configure:5098: checking for fgrep
configure:5160: result: /usr/bin/grep -F
configure:5195: checking for ld used by gcc
configure:5262: result: /Applications/Xcode.app/Contents/Developer/Toolchains/XcodeDefault.xctoolchain/usr/bin/ld
configure:5269: checking if the linker (/Applications/Xcode.app/Contents/Developer/Toolchains/XcodeDefault.xctoolchain/usr/bin/ld) is GNU ld
configure:5284: result: no
configure:5296: checking for BSD- or MS-compatible name lister (nm)
configure:5350: result: /usr/bin/nm -B
configure:5480: checking the name lister (/usr/bin/nm -B) interface
configure:5487: gcc -c -g -O2  conftest.c >&5
configure:5490: /usr/bin/nm -B "conftest.o"
configure:5493: output
00000000000001e4 S _some_variable
configure:5500: result: BSD nm
configure:5503: checking whether ln -s works
configure:5507: result: yes
configure:5515: checking the maximum length of command line arguments
configure:5646: result: 196608
configure:5694: checking how to convert x86_64-apple-darwin17.7.0 file names to x86_64-apple-darwin17.7.0 format
configure:5734: result: func_convert_file_noop
configure:5741: checking how to convert x86_64-apple-darwin17.7.0 file names to toolchain format
configure:5761: result: func_convert_file_noop
configure:5768: checking for /Applications/Xcode.app/Contents/Developer/Toolchains/XcodeDefault.xctoolchain/usr/bin/ld option to reload object files
configure:5775: result: -r
configure:5849: checking for objdump
configure:5865: found /usr/bin/objdump
configure:5876: result: objdump
configure:5908: checking how to recognize dependent libraries
configure:6108: result: pass_all
configure:6193: checking for dlltool
configure:6223: result: no
configure:6253: checking how to associate runtime and link libraries
configure:6280: result: printf %s\n
configure:6341: checking for ar
configure:6357: found /usr/bin/ar
configure:6368: result: ar
configure:6405: checking for archiver @FILE support
configure:6422: gcc -c -g -O2  conftest.c >&5
configure:6422: $? = 0
configure:6425: ar cru libconftest.a @conftest.lst >&5
ar: @conftest.lst: No such file or directory
configure:6428: $? = 1
configure:6448: result: no
configure:6506: checking for strip
configure:6522: found /usr/bin/strip
configure:6533: result: strip
configure:6605: checking for ranlib
configure:6621: found /usr/bin/ranlib
configure:6632: result: ranlib
configure:6734: checking command to parse /usr/bin/nm -B output from gcc object
configure:6887: gcc -c -g -O2  conftest.c >&5
configure:6890: $? = 0
configure:6894: /usr/bin/nm -B conftest.o \| sed -n -e 's/^.*[ ]\([BCDEGRST][BCDEGRST]*\)[ ][ ]*\([_A-Za-z][_A-Za-z0-9]*\)$/\1 \2 \2/p' | sed '/ __gnu_lto/d' \> conftest.nm
configure:6897: $? = 0
cannot find nm_test_var in conftest.nm
configure:6887: gcc -c -g -O2  conftest.c >&5
configure:6890: $? = 0
configure:6894: /usr/bin/nm -B conftest.o \| sed -n -e 's/^.*[ ]\([BCDEGRST][BCDEGRST]*\)[ ][ ]*_\([_A-Za-z][_A-Za-z0-9]*\)$/\1 _\2 \2/p' | sed '/ __gnu_lto/d' \> conftest.nm
configure:6897: $? = 0
configure:6963: gcc -o conftest -g -O2   conftest.c conftstm.o >&5
warning: (x86_64)  could not find object file symbol for symbol _main
configure:6966: $? = 0
configure:7004: result: ok
configure:7051: checking for sysroot
configure:7081: result: no
configure:7088: checking for a working dd
configure:7126: result: /bin/dd
configure:7130: checking how to truncate binary pipes
configure:7145: result: /bin/dd bs=4096 count=1
configure:7474: checking for mt
configure:7504: result: no
configure:7524: checking if : is a manifest tool
configure:7530: : '-?'
configure:7538: result: no
configure:7594: checking for dsymutil
configure:7610: found /usr/bin/dsymutil
configure:7621: result: dsymutil
configure:7686: checking for nmedit
configure:7702: found /usr/bin/nmedit
configure:7713: result: nmedit
configure:7778: checking for lipo
configure:7794: found /usr/bin/lipo
configure:7805: result: lipo
configure:7870: checking for otool
configure:7886: found /usr/bin/otool
configure:7897: result: otool
configure:7962: checking for otool64
configure:7992: result: no
configure:8037: checking for -single_module linker flag
gcc -g -O2  -o libconftest.dylib -dynamiclib -Wl,-single_module conftest.c
configure:8070: result: yes
configure:8073: checking for -exported_symbols_list linker flag
configure:8093: gcc -o conftest -g -O2   -Wl,-exported_symbols_list,conftest.sym conftest.c  >&5
configure:8093: $? = 0
configure:8103: result: yes
configure:8106: checking for -force_load linker flag
gcc -g -O2 -c -o conftest.o conftest.c
ar cru libconftest.a conftest.o
ranlib libconftest.a
gcc -g -O2  -o conftest conftest.c -Wl,-force_load,./libconftest.a
configure:8138: result: yes
configure:8215: checking how to run the C preprocessor
configure:8246: gcc -E  conftest.c
configure:8246: $? = 0
configure:8260: gcc -E  conftest.c
conftest.c:11:10: fatal error: 'ac_nonexistent.h' file not found
#include <ac_nonexistent.h>
         ^~~~~~~~~~~~~~~~~~
1 error generated.
configure:8260: $? = 1
configure: failed program was:
| /* confdefs.h */
| #define PACKAGE_NAME "libimobiledevice"
| #define PACKAGE_TARNAME "libimobiledevice"
| #define PACKAGE_VERSION "1.2.1"
| #define PACKAGE_STRING "libimobiledevice 1.2.1"
| #define PACKAGE_BUGREPORT "https://github.com/libimobiledevice/libimobiledevice/issues"
| #define PACKAGE_URL "http://libimobiledevice.org"
| #define PACKAGE "libimobiledevice"
| #define VERSION "1.2.1"
| /* end confdefs.h.  */
| #include <ac_nonexistent.h>
configure:8285: result: gcc -E
configure:8305: gcc -E  conftest.c
configure:8305: $? = 0
configure:8319: gcc -E  conftest.c
conftest.c:11:10: fatal error: 'ac_nonexistent.h' file not found
#include <ac_nonexistent.h>
         ^~~~~~~~~~~~~~~~~~
1 error generated.
configure:8319: $? = 1
configure: failed program was:
| /* confdefs.h */
| #define PACKAGE_NAME "libimobiledevice"
| #define PACKAGE_TARNAME "libimobiledevice"
| #define PACKAGE_VERSION "1.2.1"
| #define PACKAGE_STRING "libimobiledevice 1.2.1"
| #define PACKAGE_BUGREPORT "https://github.com/libimobiledevice/libimobiledevice/issues"
| #define PACKAGE_URL "http://libimobiledevice.org"
| #define PACKAGE "libimobiledevice"
| #define VERSION "1.2.1"
| /* end confdefs.h.  */
| #include <ac_nonexistent.h>
configure:8348: checking for ANSI C header files
configure:8368: gcc -c -g -O2  conftest.c >&5
configure:8368: $? = 0
configure:8441: gcc -o conftest -g -O2   conftest.c  >&5
configure:8441: $? = 0
configure:8441: ./conftest
configure:8441: $? = 0
configure:8452: result: yes
configure:8465: checking for sys/types.h
configure:8465: gcc -c -g -O2  conftest.c >&5
configure:8465: $? = 0
configure:8465: result: yes
configure:8465: checking for sys/stat.h
configure:8465: gcc -c -g -O2  conftest.c >&5
configure:8465: $? = 0
configure:8465: result: yes
configure:8465: checking for stdlib.h
configure:8465: gcc -c -g -O2  conftest.c >&5
configure:8465: $? = 0
configure:8465: result: yes
configure:8465: checking for string.h
configure:8465: gcc -c -g -O2  conftest.c >&5
configure:8465: $? = 0
configure:8465: result: yes
configure:8465: checking for memory.h
configure:8465: gcc -c -g -O2  conftest.c >&5
configure:8465: $? = 0
configure:8465: result: yes
configure:8465: checking for strings.h
configure:8465: gcc -c -g -O2  conftest.c >&5
configure:8465: $? = 0
configure:8465: result: yes
configure:8465: checking for inttypes.h
configure:8465: gcc -c -g -O2  conftest.c >&5
configure:8465: $? = 0
configure:8465: result: yes
configure:8465: checking for stdint.h
configure:8465: gcc -c -g -O2  conftest.c >&5
configure:8465: $? = 0
configure:8465: result: yes
configure:8465: checking for unistd.h
configure:8465: gcc -c -g -O2  conftest.c >&5
configure:8465: $? = 0
configure:8465: result: yes
configure:8479: checking for dlfcn.h
configure:8479: gcc -c -g -O2  conftest.c >&5
configure:8479: $? = 0
configure:8479: result: yes
configure:8746: checking for objdir
configure:8761: result: .libs
configure:9025: checking if gcc supports -fno-rtti -fno-exceptions
configure:9043: gcc -c -g -O2  -fno-rtti -fno-exceptions conftest.c >&5
configure:9047: $? = 0
configure:9060: result: yes
configure:9418: checking for gcc option to produce PIC
configure:9425: result: -fno-common -DPIC
configure:9433: checking if gcc PIC flag -fno-common -DPIC works
configure:9451: gcc -c -g -O2  -fno-common -DPIC -DPIC conftest.c >&5
configure:9455: $? = 0
configure:9468: result: yes
configure:9497: checking if gcc static flag -static works
configure:9525: result: no
configure:9540: checking if gcc supports -c -o file.o
configure:9561: gcc -c -g -O2  -o out/conftest2.o conftest.c >&5
configure:9565: $? = 0
configure:9587: result: yes
configure:9595: checking if gcc supports -c -o file.o
configure:9642: result: yes
configure:9675: checking whether the gcc linker (/Applications/Xcode.app/Contents/Developer/Toolchains/XcodeDefault.xctoolchain/usr/bin/ld) supports shared libraries
configure:10934: result: yes
configure:11174: checking dynamic linker characteristics
configure:11992: result: darwin17.7.0 dyld
configure:12114: checking how to hardcode library paths into programs
configure:12139: result: immediate
configure:12687: checking whether stripping libraries is possible
configure:12701: result: yes
configure:12727: checking if libtool supports shared libraries
configure:12729: result: yes
configure:12732: checking whether to build shared libraries
configure:12757: result: yes
configure:12760: checking whether to build static libraries
configure:12764: result: yes
configure:12787: checking how to run the C++ preprocessor
configure:12814: g++ -E  conftest.cpp
configure:12814: $? = 0
configure:12828: g++ -E  conftest.cpp
conftest.cpp:23:10: fatal error: 'ac_nonexistent.h' file not found
#include <ac_nonexistent.h>
         ^~~~~~~~~~~~~~~~~~
1 error generated.
configure:12828: $? = 1
configure: failed program was:
| /* confdefs.h */
| #define PACKAGE_NAME "libimobiledevice"
| #define PACKAGE_TARNAME "libimobiledevice"
| #define PACKAGE_VERSION "1.2.1"
| #define PACKAGE_STRING "libimobiledevice 1.2.1"
| #define PACKAGE_BUGREPORT "https://github.com/libimobiledevice/libimobiledevice/issues"
| #define PACKAGE_URL "http://libimobiledevice.org"
| #define PACKAGE "libimobiledevice"
| #define VERSION "1.2.1"
| #define STDC_HEADERS 1
| #define HAVE_SYS_TYPES_H 1
| #define HAVE_SYS_STAT_H 1
| #define HAVE_STDLIB_H 1
| #define HAVE_STRING_H 1
| #define HAVE_MEMORY_H 1
| #define HAVE_STRINGS_H 1
| #define HAVE_INTTYPES_H 1
| #define HAVE_STDINT_H 1
| #define HAVE_UNISTD_H 1
| #define HAVE_DLFCN_H 1
| #define LT_OBJDIR ".libs/"
| /* end confdefs.h.  */
| #include <ac_nonexistent.h>
configure:12853: result: g++ -E
configure:12873: g++ -E  conftest.cpp
configure:12873: $? = 0
configure:12887: g++ -E  conftest.cpp
conftest.cpp:23:10: fatal error: 'ac_nonexistent.h' file not found
#include <ac_nonexistent.h>
         ^~~~~~~~~~~~~~~~~~
1 error generated.
configure:12887: $? = 1
configure: failed program was:
| /* confdefs.h */
| #define PACKAGE_NAME "libimobiledevice"
| #define PACKAGE_TARNAME "libimobiledevice"
| #define PACKAGE_VERSION "1.2.1"
| #define PACKAGE_STRING "libimobiledevice 1.2.1"
| #define PACKAGE_BUGREPORT "https://github.com/libimobiledevice/libimobiledevice/issues"
| #define PACKAGE_URL "http://libimobiledevice.org"
| #define PACKAGE "libimobiledevice"
| #define VERSION "1.2.1"
| #define STDC_HEADERS 1
| #define HAVE_SYS_TYPES_H 1
| #define HAVE_SYS_STAT_H 1
| #define HAVE_STDLIB_H 1
| #define HAVE_STRING_H 1
| #define HAVE_MEMORY_H 1
| #define HAVE_STRINGS_H 1
| #define HAVE_INTTYPES_H 1
| #define HAVE_STDINT_H 1
| #define HAVE_UNISTD_H 1
| #define HAVE_DLFCN_H 1
| #define LT_OBJDIR ".libs/"
| /* end confdefs.h.  */
| #include <ac_nonexistent.h>
configure:13049: checking for ld used by g++
configure:13116: result: /Applications/Xcode.app/Contents/Developer/Toolchains/XcodeDefault.xctoolchain/usr/bin/ld
configure:13123: checking if the linker (/Applications/Xcode.app/Contents/Developer/Toolchains/XcodeDefault.xctoolchain/usr/bin/ld) is GNU ld
configure:13138: result: no
configure:13193: checking whether the g++ linker (/Applications/Xcode.app/Contents/Developer/Toolchains/XcodeDefault.xctoolchain/usr/bin/ld) supports shared libraries
configure:14266: result: yes
configure:14302: g++ -c -g -O2  conftest.cpp >&5
configure:14305: $? = 0
configure:14786: checking for g++ option to produce PIC
configure:14793: result: -fno-common -DPIC
configure:14801: checking if g++ PIC flag -fno-common -DPIC works
configure:14819: g++ -c -g -O2  -fno-common -DPIC -DPIC conftest.cpp >&5
configure:14823: $? = 0
configure:14836: result: yes
configure:14859: checking if g++ static flag -static works
configure:14887: result: no
configure:14899: checking if g++ supports -c -o file.o
configure:14920: g++ -c -g -O2  -o out/conftest2.o conftest.cpp >&5
configure:14924: $? = 0
configure:14946: result: yes
configure:14951: checking if g++ supports -c -o file.o
configure:14998: result: yes
configure:15028: checking whether the g++ linker (/Applications/Xcode.app/Contents/Developer/Toolchains/XcodeDefault.xctoolchain/usr/bin/ld) supports shared libraries
configure:15068: result: yes
configure:15209: checking dynamic linker characteristics
configure:15954: result: darwin17.7.0 dyld
configure:16019: checking how to hardcode library paths into programs
configure:16044: result: immediate
configure:16161: checking for pkg-config
configure:16179: found /usr/local/bin/pkg-config
configure:16191: result: /usr/local/bin/pkg-config
configure:16216: checking pkg-config is at least version 0.9.0
configure:16219: result: yes
configure:16229: checking for libusbmuxd >= 1.1.0
configure:16236: $PKG_CONFIG --exists --print-errors "libusbmuxd >= $LIBUSBMUXD_VERSION"
configure:16239: $? = 0
configure:16253: $PKG_CONFIG --exists --print-errors "libusbmuxd >= $LIBUSBMUXD_VERSION"
configure:16256: $? = 0
configure:16314: result: yes
configure:16320: checking for libplist >= 1.11
configure:16327: $PKG_CONFIG --exists --print-errors "libplist >= $LIBPLIST_VERSION"
configure:16330: $? = 0
configure:16344: $PKG_CONFIG --exists --print-errors "libplist >= $LIBPLIST_VERSION"
configure:16347: $? = 0
configure:16405: result: yes
configure:16411: checking for libplist++ >= 1.11
configure:16418: $PKG_CONFIG --exists --print-errors "libplist++ >= $LIBPLISTMM_VERSION"
configure:16421: $? = 0
configure:16435: $PKG_CONFIG --exists --print-errors "libplist++ >= $LIBPLISTMM_VERSION"
configure:16438: $? = 0
configure:16496: result: yes
configure:16502: checking for ANSI C header files
configure:16606: result: yes
configure:16617: checking for stdint.h
configure:16617: result: yes
configure:16617: checking for stdlib.h
configure:16617: result: yes
configure:16617: checking for string.h
configure:16617: result: yes
configure:16617: checking gcrypt.h usability
configure:16617: gcc -c -g -O2  conftest.c >&5
configure:16617: $? = 0
configure:16617: result: yes
configure:16617: checking gcrypt.h presence
configure:16617: gcc -E  conftest.c
configure:16617: $? = 0
configure:16617: result: yes
configure:16617: checking for gcrypt.h
configure:16617: result: yes
configure:16629: checking for an ANSI C-conforming const
configure:16695: gcc -c -g -O2  conftest.c >&5
configure:16695: $? = 0
configure:16702: result: yes
configure:16710: checking for size_t
configure:16710: gcc -c -g -O2  conftest.c >&5
configure:16710: $? = 0
configure:16710: gcc -c -g -O2  conftest.c >&5
conftest.c:64:21: error: expected expression
if (sizeof ((size_t)))
                    ^
1 error generated.
configure:16710: $? = 1
configure: failed program was:
| /* confdefs.h */
| #define PACKAGE_NAME "libimobiledevice"
| #define PACKAGE_TARNAME "libimobiledevice"
| #define PACKAGE_VERSION "1.2.1"
| #define PACKAGE_STRING "libimobiledevice 1.2.1"
| #define PACKAGE_BUGREPORT "https://github.com/libimobiledevice/libimobiledevice/issues"
| #define PACKAGE_URL "http://libimobiledevice.org"
| #define PACKAGE "libimobiledevice"
| #define VERSION "1.2.1"
| #define STDC_HEADERS 1
| #define HAVE_SYS_TYPES_H 1
| #define HAVE_SYS_STAT_H 1
| #define HAVE_STDLIB_H 1
| #define HAVE_STRING_H 1
| #define HAVE_MEMORY_H 1
| #define HAVE_STRINGS_H 1
| #define HAVE_INTTYPES_H 1
| #define HAVE_STDINT_H 1
| #define HAVE_UNISTD_H 1
| #define HAVE_DLFCN_H 1
| #define LT_OBJDIR ".libs/"
| #define STDC_HEADERS 1
| #define HAVE_STDINT_H 1
| #define HAVE_STDLIB_H 1
| #define HAVE_STRING_H 1
| #define HAVE_GCRYPT_H 1
| /* end confdefs.h.  */
| #include <stdio.h>
| #ifdef HAVE_SYS_TYPES_H
| # include <sys/types.h>
| #endif
| #ifdef HAVE_SYS_STAT_H
| # include <sys/stat.h>
| #endif
| #ifdef STDC_HEADERS
| # include <stdlib.h>
| # include <stddef.h>
| #else
| # ifdef HAVE_STDLIB_H
| #  include <stdlib.h>
| # endif
| #endif
| #ifdef HAVE_STRING_H
| # if !defined STDC_HEADERS && defined HAVE_MEMORY_H
| #  include <memory.h>
| # endif
| # include <string.h>
| #endif
| #ifdef HAVE_STRINGS_H
| # include <strings.h>
| #endif
| #ifdef HAVE_INTTYPES_H
| # include <inttypes.h>
| #endif
| #ifdef HAVE_STDINT_H
| # include <stdint.h>
| #endif
| #ifdef HAVE_UNISTD_H
| # include <unistd.h>
| #endif
| int
| main ()
| {
| if (sizeof ((size_t)))
| 	    return 0;
|   ;
|   return 0;
| }
configure:16710: result: yes
configure:16721: checking for ssize_t
configure:16721: gcc -c -g -O2  conftest.c >&5
configure:16721: $? = 0
configure:16721: gcc -c -g -O2  conftest.c >&5
conftest.c:64:22: error: expected expression
if (sizeof ((ssize_t)))
                     ^
1 error generated.
configure:16721: $? = 1
configure: failed program was:
| /* confdefs.h */
| #define PACKAGE_NAME "libimobiledevice"
| #define PACKAGE_TARNAME "libimobiledevice"
| #define PACKAGE_VERSION "1.2.1"
| #define PACKAGE_STRING "libimobiledevice 1.2.1"
| #define PACKAGE_BUGREPORT "https://github.com/libimobiledevice/libimobiledevice/issues"
| #define PACKAGE_URL "http://libimobiledevice.org"
| #define PACKAGE "libimobiledevice"
| #define VERSION "1.2.1"
| #define STDC_HEADERS 1
| #define HAVE_SYS_TYPES_H 1
| #define HAVE_SYS_STAT_H 1
| #define HAVE_STDLIB_H 1
| #define HAVE_STRING_H 1
| #define HAVE_MEMORY_H 1
| #define HAVE_STRINGS_H 1
| #define HAVE_INTTYPES_H 1
| #define HAVE_STDINT_H 1
| #define HAVE_UNISTD_H 1
| #define HAVE_DLFCN_H 1
| #define LT_OBJDIR ".libs/"
| #define STDC_HEADERS 1
| #define HAVE_STDINT_H 1
| #define HAVE_STDLIB_H 1
| #define HAVE_STRING_H 1
| #define HAVE_GCRYPT_H 1
| /* end confdefs.h.  */
| #include <stdio.h>
| #ifdef HAVE_SYS_TYPES_H
| # include <sys/types.h>
| #endif
| #ifdef HAVE_SYS_STAT_H
| # include <sys/stat.h>
| #endif
| #ifdef STDC_HEADERS
| # include <stdlib.h>
| # include <stddef.h>
| #else
| # ifdef HAVE_STDLIB_H
| #  include <stdlib.h>
| # endif
| #endif
| #ifdef HAVE_STRING_H
| # if !defined STDC_HEADERS && defined HAVE_MEMORY_H
| #  include <memory.h>
| # endif
| # include <string.h>
| #endif
| #ifdef HAVE_STRINGS_H
| # include <strings.h>
| #endif
| #ifdef HAVE_INTTYPES_H
| # include <inttypes.h>
| #endif
| #ifdef HAVE_STDINT_H
| # include <stdint.h>
| #endif
| #ifdef HAVE_UNISTD_H
| # include <unistd.h>
| #endif
| int
| main ()
| {
| if (sizeof ((ssize_t)))
| 	    return 0;
|   ;
|   return 0;
| }
configure:16721: result: yes
configure:16732: checking for uint16_t
configure:16732: gcc -c -g -O2  conftest.c >&5
configure:16732: $? = 0
configure:16732: result: yes
configure:16744: checking for uint32_t
configure:16744: gcc -c -g -O2  conftest.c >&5
configure:16744: $? = 0
configure:16744: result: yes
configure:16758: checking for uint8_t
configure:16758: gcc -c -g -O2  conftest.c >&5
configure:16758: $? = 0
configure:16758: result: yes
configure:16777: checking for asprintf
configure:16777: gcc -o conftest -g -O2   conftest.c  >&5
conftest.c:62:18: warning: format string missing [-Wformat]
return asprintf ();
       ~~~~~~~~  ^
1 warning generated.
configure:16777: $? = 0
configure:16777: result: yes
configure:16777: checking for strcasecmp
configure:16777: gcc -o conftest -g -O2   conftest.c  >&5
conftest.c:52:6: warning: incompatible redeclaration of library function 'strcasecmp' [-Wincompatible-library-redeclaration]
char strcasecmp ();
     ^
conftest.c:52:6: note: 'strcasecmp' is a builtin with type 'int (const char *, const char *)'
1 warning generated.
configure:16777: $? = 0
configure:16777: result: yes
configure:16777: checking for strdup
configure:16777: gcc -o conftest -g -O2   conftest.c  >&5
conftest.c:53:6: warning: incompatible redeclaration of library function 'strdup' [-Wincompatible-library-redeclaration]
char strdup ();
     ^
conftest.c:53:6: note: 'strdup' is a builtin with type 'char *(const char *)'
1 warning generated.
configure:16777: $? = 0
configure:16777: result: yes
configure:16777: checking for strerror
configure:16777: gcc -o conftest -g -O2   conftest.c  >&5
conftest.c:54:6: warning: incompatible redeclaration of library function 'strerror' [-Wincompatible-library-redeclaration]
char strerror ();
     ^
conftest.c:54:6: note: 'strerror' is a builtin with type 'char *(int)'
1 warning generated.
configure:16777: $? = 0
configure:16777: result: yes
configure:16777: checking for strndup
configure:16777: gcc -o conftest -g -O2   conftest.c  >&5
conftest.c:55:6: warning: incompatible redeclaration of library function 'strndup' [-Wincompatible-library-redeclaration]
char strndup ();
     ^
conftest.c:55:6: note: 'strndup' is a builtin with type 'char *(const char *, unsigned long)'
1 warning generated.
configure:16777: $? = 0
configure:16777: result: yes
configure:16777: checking for stpcpy
configure:16777: gcc -o conftest -g -O2   conftest.c  >&5
conftest.c:56:6: warning: incompatible redeclaration of library function 'stpcpy' [-Wincompatible-library-redeclaration]
char stpcpy ();
     ^
conftest.c:56:6: note: 'stpcpy' is a builtin with type 'char *(char *, const char *)'
1 warning generated.
configure:16777: $? = 0
configure:16777: result: yes
configure:16777: checking for vasprintf
configure:16777: gcc -o conftest -g -O2   conftest.c  >&5
conftest.c:68:19: warning: format string missing [-Wformat]
return vasprintf ();
       ~~~~~~~~~  ^
1 warning generated.
configure:16777: $? = 0
configure:16777: result: yes
configure:16787: checking endian.h usability
configure:16787: gcc -c -g -O2  conftest.c >&5
conftest.c:68:10: fatal error: 'endian.h' file not found
#include <endian.h>
         ^~~~~~~~~~
1 error generated.
configure:16787: $? = 1
configure: failed program was:
| /* confdefs.h */
| #define PACKAGE_NAME "libimobiledevice"
| #define PACKAGE_TARNAME "libimobiledevice"
| #define PACKAGE_VERSION "1.2.1"
| #define PACKAGE_STRING "libimobiledevice 1.2.1"
| #define PACKAGE_BUGREPORT "https://github.com/libimobiledevice/libimobiledevice/issues"
| #define PACKAGE_URL "http://libimobiledevice.org"
| #define PACKAGE "libimobiledevice"
| #define VERSION "1.2.1"
| #define STDC_HEADERS 1
| #define HAVE_SYS_TYPES_H 1
| #define HAVE_SYS_STAT_H 1
| #define HAVE_STDLIB_H 1
| #define HAVE_STRING_H 1
| #define HAVE_MEMORY_H 1
| #define HAVE_STRINGS_H 1
| #define HAVE_INTTYPES_H 1
| #define HAVE_STDINT_H 1
| #define HAVE_UNISTD_H 1
| #define HAVE_DLFCN_H 1
| #define LT_OBJDIR ".libs/"
| #define STDC_HEADERS 1
| #define HAVE_STDINT_H 1
| #define HAVE_STDLIB_H 1
| #define HAVE_STRING_H 1
| #define HAVE_GCRYPT_H 1
| #define HAVE_ASPRINTF 1
| #define HAVE_STRCASECMP 1
| #define HAVE_STRDUP 1
| #define HAVE_STRERROR 1
| #define HAVE_STRNDUP 1
| #define HAVE_STPCPY 1
| #define HAVE_VASPRINTF 1
| /* end confdefs.h.  */
| #include <stdio.h>
| #ifdef HAVE_SYS_TYPES_H
| # include <sys/types.h>
| #endif
| #ifdef HAVE_SYS_STAT_H
| # include <sys/stat.h>
| #endif
| #ifdef STDC_HEADERS
| # include <stdlib.h>
| # include <stddef.h>
| #else
| # ifdef HAVE_STDLIB_H
| #  include <stdlib.h>
| # endif
| #endif
| #ifdef HAVE_STRING_H
| # if !defined STDC_HEADERS && defined HAVE_MEMORY_H
| #  include <memory.h>
| # endif
| # include <string.h>
| #endif
| #ifdef HAVE_STRINGS_H
| # include <strings.h>
| #endif
| #ifdef HAVE_INTTYPES_H
| # include <inttypes.h>
| #endif
| #ifdef HAVE_STDINT_H
| # include <stdint.h>
| #endif
| #ifdef HAVE_UNISTD_H
| # include <unistd.h>
| #endif
| #include <endian.h>
configure:16787: result: no
configure:16787: checking endian.h presence
configure:16787: gcc -E  conftest.c
conftest.c:35:10: fatal error: 'endian.h' file not found
#include <endian.h>
         ^~~~~~~~~~
1 error generated.
configure:16787: $? = 1
configure: failed program was:
| /* confdefs.h */
| #define PACKAGE_NAME "libimobiledevice"
| #define PACKAGE_TARNAME "libimobiledevice"
| #define PACKAGE_VERSION "1.2.1"
| #define PACKAGE_STRING "libimobiledevice 1.2.1"
| #define PACKAGE_BUGREPORT "https://github.com/libimobiledevice/libimobiledevice/issues"
| #define PACKAGE_URL "http://libimobiledevice.org"
| #define PACKAGE "libimobiledevice"
| #define VERSION "1.2.1"
| #define STDC_HEADERS 1
| #define HAVE_SYS_TYPES_H 1
| #define HAVE_SYS_STAT_H 1
| #define HAVE_STDLIB_H 1
| #define HAVE_STRING_H 1
| #define HAVE_MEMORY_H 1
| #define HAVE_STRINGS_H 1
| #define HAVE_INTTYPES_H 1
| #define HAVE_STDINT_H 1
| #define HAVE_UNISTD_H 1
| #define HAVE_DLFCN_H 1
| #define LT_OBJDIR ".libs/"
| #define STDC_HEADERS 1
| #define HAVE_STDINT_H 1
| #define HAVE_STDLIB_H 1
| #define HAVE_STRING_H 1
| #define HAVE_GCRYPT_H 1
| #define HAVE_ASPRINTF 1
| #define HAVE_STRCASECMP 1
| #define HAVE_STRDUP 1
| #define HAVE_STRERROR 1
| #define HAVE_STRNDUP 1
| #define HAVE_STPCPY 1
| #define HAVE_VASPRINTF 1
| /* end confdefs.h.  */
| #include <endian.h>
configure:16787: result: no
configure:16787: checking for endian.h
configure:16787: result: no
configure:16802: checking whether byte ordering is bigendian
configure:16817: gcc -c -g -O2  conftest.c >&5
configure:16817: $? = 0
configure:16862: gcc -c -g -O2  conftest.c >&5
configure:16862: $? = 0
configure:16880: gcc -c -g -O2  conftest.c >&5
conftest.c:44:4: error: use of undeclared identifier 'not'
                 not big endian
                 ^
1 error generated.
configure:16880: $? = 1
configure: failed program was:
| /* confdefs.h */
| #define PACKAGE_NAME "libimobiledevice"
| #define PACKAGE_TARNAME "libimobiledevice"
| #define PACKAGE_VERSION "1.2.1"
| #define PACKAGE_STRING "libimobiledevice 1.2.1"
| #define PACKAGE_BUGREPORT "https://github.com/libimobiledevice/libimobiledevice/issues"
| #define PACKAGE_URL "http://libimobiledevice.org"
| #define PACKAGE "libimobiledevice"
| #define VERSION "1.2.1"
| #define STDC_HEADERS 1
| #define HAVE_SYS_TYPES_H 1
| #define HAVE_SYS_STAT_H 1
| #define HAVE_STDLIB_H 1
| #define HAVE_STRING_H 1
| #define HAVE_MEMORY_H 1
| #define HAVE_STRINGS_H 1
| #define HAVE_INTTYPES_H 1
| #define HAVE_STDINT_H 1
| #define HAVE_UNISTD_H 1
| #define HAVE_DLFCN_H 1
| #define LT_OBJDIR ".libs/"
| #define STDC_HEADERS 1
| #define HAVE_STDINT_H 1
| #define HAVE_STDLIB_H 1
| #define HAVE_STRING_H 1
| #define HAVE_GCRYPT_H 1
| #define HAVE_ASPRINTF 1
| #define HAVE_STRCASECMP 1
| #define HAVE_STRDUP 1
| #define HAVE_STRERROR 1
| #define HAVE_STRNDUP 1
| #define HAVE_STPCPY 1
| #define HAVE_VASPRINTF 1
| #define __LITTLE_ENDIAN 1234
| #define __BIG_ENDIAN 4321
| /* end confdefs.h.  */
| #include <sys/types.h>
| 		#include <sys/param.h>
| 
| int
| main ()
| {
| #if BYTE_ORDER != BIG_ENDIAN
| 		 not big endian
| 		#endif
| 
|   ;
|   return 0;
| }
configure:17008: result: no
configure:17037: checking whether we need platform-specific build settings
configure:17046: result: no
configure:17751: checking for struct dirent.d_type
configure:17751: gcc -c -g -O2  conftest.c >&5
configure:17751: $? = 0
configure:17751: result: yes
configure:17805: checking for a Python interpreter with version >= 2.3
configure:17822: python -c import sys # split strings by '.' and convert to numeric. Append some zeros # because we need at least 4 digits for the hex conversion. # map returns an iterator in Python 3.0 and a list in 2.x minver = list(map(int, '2.3'.split('.'))) + [0, 0, 0] minverhex = 0 # xrange is not present in Python 3.0 and range returns an iterator for i in list(range(0, 4)): minverhex = (minverhex << 8) + minver[i] sys.exit(sys.hexversion < minverhex)
configure:17825: $? = 0
configure:17831: result: python
configure:17839: checking for python
configure:17857: found /usr/local/bin/python
configure:17869: result: /usr/local/bin/python
configure:17887: checking for python version
configure:17894: result: 2.7
configure:17906: checking for python platform
configure:17913: result: darwin
configure:17939: checking for python script directory
configure:17974: result: ${prefix}/lib/python2.7/site-packages
configure:17983: checking for python extension module directory
configure:18018: result: ${exec_prefix}/lib/python2.7/site-packages
configure:18034: checking for cython
configure:18067: result: no
configure:18073: WARNING: cannot find 'cython' program. You should look at http://www.cython.org or install your distribution specific cython package.
configure:18150: checking for python2.7
configure:18180: result: /usr/local/bin/python
configure:18196: checking for a version of Python >= '2.1.0'
configure:18222: result: yes
configure:18253: checking for the distutils Python package
configure:18257: result: yes
configure:18271: checking for Python include path
configure:18284: result: -I/usr/local/Cellar/python@2/2.7.15_1/Frameworks/Python.framework/Versions/2.7/include/python2.7 -I/usr/local/Cellar/python@2/2.7.15_1/Frameworks/Python.framework/Versions/2.7/include/python2.7
configure:18291: checking for Python library path
configure:18314: result: -L/usr/local/opt/python@2/Frameworks/Python.framework/Versions/2.7/lib/python2.7/config -lpython2.7 -ldl -framework CoreFoundation
configure:18321: checking for Python site-packages path
configure:18327: result: /usr/local/Cellar/python@2/2.7.15_1/Frameworks/Python.framework/Versions/2.7/lib/python2.7/site-packages
configure:18334: checking python extra libraries
configure:18341: result: ('', '-ldl  -framework CoreFoundation')
configure:18348: checking python extra linking flags
configure:18355: result: -u _PyMac_Error /usr/local/opt/python@2/Frameworks/Python.framework/Versions/2.7/Python
configure:18362: checking consistency of all components of python development environment
configure:18388: gcc -o conftest -g -O2  -I/usr/local/Cellar/python@2/2.7.15_1/Frameworks/Python.framework/Versions/2.7/include/python2.7 -I/usr/local/Cellar/python@2/2.7.15_1/Frameworks/Python.framework/Versions/2.7/include/python2.7  conftest.c  -L/usr/local/opt/python@2/Frameworks/Python.framework/Versions/2.7/lib/python2.7/config -lpython2.7 -ldl -framework CoreFoundation >&5
ld: warning: text-based stub file /System/Library/Frameworks//CoreFoundation.framework/CoreFoundation.tbd and library file /System/Library/Frameworks//CoreFoundation.framework/CoreFoundation are out of sync. Falling back to library file for linking.
configure:18388: $? = 0
configure:18396: result: yes
configure:18483: checking for openssl >= 0.9.8
configure:18490: $PKG_CONFIG --exists --print-errors "$pkg_req_openssl"
configure:18493: $? = 0
configure:18507: $PKG_CONFIG --exists --print-errors "$pkg_req_openssl"
configure:18510: $? = 0
configure:18548: result: yes
configure:18827: checking for supported compiler flags
configure:18844: gcc -c -g -O2 -Wall  conftest.c >&5
configure:18844: $? = 0
configure:18844: gcc -c -g -O2 -Wextra  conftest.c >&5
configure:18844: $? = 0
configure:18844: gcc -c -g -O2 -Wmissing-declarations  conftest.c >&5
configure:18844: $? = 0
configure:18844: gcc -c -g -O2 -Wredundant-decls  conftest.c >&5
configure:18844: $? = 0
configure:18844: gcc -c -g -O2 -Wshadow  conftest.c >&5
configure:18844: $? = 0
configure:18844: gcc -c -g -O2 -Wpointer-arith  conftest.c >&5
configure:18844: $? = 0
configure:18844: gcc -c -g -O2 -Wwrite-strings  conftest.c >&5
configure:18844: $? = 0
configure:18844: gcc -c -g -O2 -Wswitch-default  conftest.c >&5
configure:18844: $? = 0
configure:18844: gcc -c -g -O2 -Wno-unused-parameter  conftest.c >&5
configure:18844: $? = 0
configure:18844: gcc -c -g -O2 -fsigned-char  conftest.c >&5
configure:18844: $? = 0
configure:18844: gcc -c -g -O2 -fvisibility=hidden  conftest.c >&5
configure:18844: $? = 0
configure:18858: result:  -Wall -Wextra -Wmissing-declarations -Wredundant-decls -Wshadow -Wpointer-arith -Wwrite-strings -Wswitch-default -Wno-unused-parameter -fsigned-char -fvisibility=hidden
configure:18883: checking for special C compiler options needed for large files
configure:18928: result: no
configure:18934: checking for _FILE_OFFSET_BITS value needed for large files
configure:18959: gcc -c -g -O2  conftest.c >&5
configure:18959: $? = 0
configure:18991: result: no
configure:19081: checking for native large file support
configure:19097: gcc -o conftest -g -O2   conftest.c  >&5
conftest.c:45:8: warning: implicitly declaring library function 'exit' with type 'void (int) __attribute__((noreturn))' [-Wimplicit-function-declaration]
              exit(!(sizeof(off_t) == 8));
              ^
conftest.c:45:8: note: include the header <stdlib.h> or explicitly provide a declaration for 'exit'
1 warning generated.
configure:19097: $? = 0
configure:19097: ./conftest
configure:19097: $? = 0
configure:19100: result: yes
configure:19114: checking for _LARGEFILE_SOURCE value needed for large files
configure:19133: gcc -o conftest -g -O2   conftest.c  >&5
configure:19133: $? = 0
configure:19161: result: no
configure:19199: checking whether make supports nested variables
configure:19216: result: yes
configure:19339: checking that generated files are newer than configure
configure:19345: result: done
configure:19381: creating ./config.status

## ---------------------- ##
## Running config.status. ##
## ---------------------- ##

This file was extended by libimobiledevice config.status 1.2.1, which was
generated by GNU Autoconf 2.69.  Invocation command line was

  CONFIG_FILES    = 
  CONFIG_HEADERS  = 
  CONFIG_LINKS    = 
  CONFIG_COMMANDS = 
  $ ./config.status 

on bogon

config.status:1227: creating Makefile
config.status:1227: creating common/Makefile
config.status:1227: creating src/Makefile
config.status:1227: creating src/libimobiledevice-1.0.pc
config.status:1227: creating include/Makefile
config.status:1227: creating tools/Makefile
config.status:1227: creating cython/Makefile
config.status:1227: creating docs/Makefile
config.status:1227: creating doxygen.cfg
config.status:1227: creating config.h
config.status:1408: config.h is unchanged
config.status:1456: executing depfiles commands
config.status:1533: cd common       && sed -e '/# am--include-marker/d' Makefile         | make -f - am--depfiles
make: Nothing to be done for `am--depfiles'.
config.status:1538: $? = 0
config.status:1533: cd src       && sed -e '/# am--include-marker/d' Makefile         | make -f - am--depfiles
make: Nothing to be done for `am--depfiles'.
config.status:1538: $? = 0
config.status:1533: cd tools       && sed -e '/# am--include-marker/d' Makefile         | make -f - am--depfiles
make: Nothing to be done for `am--depfiles'.
config.status:1538: $? = 0
config.status:1533: cd cython       && sed -e '/# am--include-marker/d' Makefile         | make -f - am--depfiles
make: Nothing to be done for `am--depfiles'.
config.status:1538: $? = 0
config.status:1456: executing libtool commands

## ---------------- ##
## Cache variables. ##
## ---------------- ##

ac_cv_build=x86_64-apple-darwin17.7.0
ac_cv_c_bigendian=no
ac_cv_c_compiler_gnu=yes
ac_cv_c_const=yes
ac_cv_c_uint16_t=yes
ac_cv_c_uint32_t=yes
ac_cv_c_uint8_t=yes
ac_cv_cxx_compiler_gnu=yes
ac_cv_env_CCC_set=
ac_cv_env_CCC_value=
ac_cv_env_CC_set=
ac_cv_env_CC_value=
ac_cv_env_CFLAGS_set=
ac_cv_env_CFLAGS_value=
ac_cv_env_CPPFLAGS_set=
ac_cv_env_CPPFLAGS_value=
ac_cv_env_CPP_set=
ac_cv_env_CPP_value=
ac_cv_env_CXXCPP_set=
ac_cv_env_CXXCPP_value=
ac_cv_env_CXXFLAGS_set=
ac_cv_env_CXXFLAGS_value=
ac_cv_env_CXX_set=
ac_cv_env_CXX_value=
ac_cv_env_LDFLAGS_set=
ac_cv_env_LDFLAGS_value=
ac_cv_env_LIBS_set=
ac_cv_env_LIBS_value=
ac_cv_env_LT_SYS_LIBRARY_PATH_set=
ac_cv_env_LT_SYS_LIBRARY_PATH_value=
ac_cv_env_PKG_CONFIG_LIBDIR_set=
ac_cv_env_PKG_CONFIG_LIBDIR_value=
ac_cv_env_PKG_CONFIG_PATH_set=set
ac_cv_env_PKG_CONFIG_PATH_value=/usr/local/Cellar/openssl/1.0.2q/lib/pkgconfig:
ac_cv_env_PKG_CONFIG_set=
ac_cv_env_PKG_CONFIG_value=
ac_cv_env_PYTHON_VERSION_set=
ac_cv_env_PYTHON_VERSION_value=
ac_cv_env_PYTHON_set=
ac_cv_env_PYTHON_value=
ac_cv_env_build_alias_set=
ac_cv_env_build_alias_value=
ac_cv_env_host_alias_set=
ac_cv_env_host_alias_value=
ac_cv_env_libgnutls_CFLAGS_set=
ac_cv_env_libgnutls_CFLAGS_value=
ac_cv_env_libgnutls_LIBS_set=
ac_cv_env_libgnutls_LIBS_value=
ac_cv_env_libplist_CFLAGS_set=
ac_cv_env_libplist_CFLAGS_value=
ac_cv_env_libplist_LIBS_set=
ac_cv_env_libplist_LIBS_value=
ac_cv_env_libplistmm_CFLAGS_set=
ac_cv_env_libplistmm_CFLAGS_value=
ac_cv_env_libplistmm_LIBS_set=
ac_cv_env_libplistmm_LIBS_value=
ac_cv_env_libtasn1_CFLAGS_set=
ac_cv_env_libtasn1_CFLAGS_value=
ac_cv_env_libtasn1_LIBS_set=
ac_cv_env_libtasn1_LIBS_value=
ac_cv_env_libusbmuxd_CFLAGS_set=
ac_cv_env_libusbmuxd_CFLAGS_value=
ac_cv_env_libusbmuxd_LIBS_set=
ac_cv_env_libusbmuxd_LIBS_value=
ac_cv_env_openssl_CFLAGS_set=
ac_cv_env_openssl_CFLAGS_value=
ac_cv_env_openssl_LIBS_set=
ac_cv_env_openssl_LIBS_value=
ac_cv_env_target_alias_set=
ac_cv_env_target_alias_value=
ac_cv_func_asprintf=yes
ac_cv_func_stpcpy=yes
ac_cv_func_strcasecmp=yes
ac_cv_func_strdup=yes
ac_cv_func_strerror=yes
ac_cv_func_strndup=yes
ac_cv_func_vasprintf=yes
ac_cv_have_endian_h=no
ac_cv_header_dlfcn_h=yes
ac_cv_header_endian_h=no
ac_cv_header_gcrypt_h=yes
ac_cv_header_inttypes_h=yes
ac_cv_header_memory_h=yes
ac_cv_header_stdc=yes
ac_cv_header_stdint_h=yes
ac_cv_header_stdlib_h=yes
ac_cv_header_string_h=yes
ac_cv_header_strings_h=yes
ac_cv_header_sys_stat_h=yes
ac_cv_header_sys_types_h=yes
ac_cv_header_unistd_h=yes
ac_cv_host=x86_64-apple-darwin17.7.0
ac_cv_member_struct_dirent_d_type=yes
ac_cv_objext=o
ac_cv_path_EGREP='/usr/bin/grep -E'
ac_cv_path_FGREP='/usr/bin/grep -F'
ac_cv_path_GREP=/usr/bin/grep
ac_cv_path_PYTHON=/usr/local/bin/python
ac_cv_path_SED=/usr/bin/sed
ac_cv_path_ac_pt_PKG_CONFIG=/usr/local/bin/pkg-config
ac_cv_path_install='/usr/bin/install -c'
ac_cv_path_lt_DD=/bin/dd
ac_cv_prog_AWK=awk
ac_cv_prog_CPP='gcc -E'
ac_cv_prog_CXXCPP='g++ -E'
ac_cv_prog_ac_ct_AR=ar
ac_cv_prog_ac_ct_CC=gcc
ac_cv_prog_ac_ct_CXX=g++
ac_cv_prog_ac_ct_DSYMUTIL=dsymutil
ac_cv_prog_ac_ct_LIPO=lipo
ac_cv_prog_ac_ct_NMEDIT=nmedit
ac_cv_prog_ac_ct_OBJDUMP=objdump
ac_cv_prog_ac_ct_OTOOL=otool
ac_cv_prog_ac_ct_RANLIB=ranlib
ac_cv_prog_ac_ct_STRIP=strip
ac_cv_prog_cc_c89=
ac_cv_prog_cc_g=yes
ac_cv_prog_cxx_g=yes
ac_cv_prog_make_make_set=yes
ac_cv_sys_file_offset_bits=64
ac_cv_sys_largefile_CC=no
ac_cv_sys_largefile_source=no
ac_cv_type_size_t=yes
ac_cv_type_ssize_t=yes
am_cv_CC_dependencies_compiler_type=gcc3
am_cv_CXX_dependencies_compiler_type=gcc3
am_cv_make_support_nested_variables=yes
am_cv_pathless_PYTHON=python
am_cv_prog_cc_c_o=yes
am_cv_python_platform=darwin
am_cv_python_pyexecdir='${exec_prefix}/lib/python2.7/site-packages'
am_cv_python_pythondir='${prefix}/lib/python2.7/site-packages'
am_cv_python_version=2.7
lt_cv_apple_cc_single_mod=yes
lt_cv_ar_at_file=no
lt_cv_deplibs_check_method=pass_all
lt_cv_file_magic_cmd='$MAGIC_CMD'
lt_cv_file_magic_test_file=
lt_cv_ld_exported_symbols_list=yes
lt_cv_ld_force_load=yes
lt_cv_ld_reload_flag=-r
lt_cv_nm_interface='BSD nm'
lt_cv_objdir=.libs
lt_cv_path_LD=/Applications/Xcode.app/Contents/Developer/Toolchains/XcodeDefault.xctoolchain/usr/bin/ld
lt_cv_path_LDCXX=/Applications/Xcode.app/Contents/Developer/Toolchains/XcodeDefault.xctoolchain/usr/bin/ld
lt_cv_path_NM='/usr/bin/nm -B'
lt_cv_path_mainfest_tool=no
lt_cv_prog_compiler_c_o=yes
lt_cv_prog_compiler_c_o_CXX=yes
lt_cv_prog_compiler_pic='-fno-common -DPIC'
lt_cv_prog_compiler_pic_CXX='-fno-common -DPIC'
lt_cv_prog_compiler_pic_works=yes
lt_cv_prog_compiler_pic_works_CXX=yes
lt_cv_prog_compiler_rtti_exceptions=yes
lt_cv_prog_compiler_static_works=no
lt_cv_prog_compiler_static_works_CXX=no
lt_cv_prog_gnu_ld=no
lt_cv_prog_gnu_ldcxx=no
lt_cv_sharedlib_from_linklib_cmd='printf %s\n'
lt_cv_sys_global_symbol_pipe='sed -n -e '\''s/^.*[	 ]\([BCDEGRST][BCDEGRST]*\)[	 ][	 ]*_\([_A-Za-z][_A-Za-z0-9]*\)$/\1 _\2 \2/p'\'' | sed '\''/ __gnu_lto/d'\'''
lt_cv_sys_global_symbol_to_c_name_address='sed -n -e '\''s/^: \(.*\) .*$/  {"\1", (void *) 0},/p'\'' -e '\''s/^[BCDEGRST][BCDEGRST]* .* \(.*\)$/  {"\1", (void *) \&\1},/p'\'''
lt_cv_sys_global_symbol_to_c_name_address_lib_prefix='sed -n -e '\''s/^: \(.*\) .*$/  {"\1", (void *) 0},/p'\'' -e '\''s/^[BCDEGRST][BCDEGRST]* .* \(lib.*\)$/  {"\1", (void *) \&\1},/p'\'' -e '\''s/^[BCDEGRST][BCDEGRST]* .* \(.*\)$/  {"lib\1", (void *) \&\1},/p'\'''
lt_cv_sys_global_symbol_to_cdecl='sed -n -e '\''s/^T .* \(.*\)$/extern int \1();/p'\'' -e '\''s/^[BCDEGRST][BCDEGRST]* .* \(.*\)$/extern char \1;/p'\'''
lt_cv_sys_global_symbol_to_import=
lt_cv_sys_max_cmd_len=196608
lt_cv_to_host_file_cmd=func_convert_file_noop
lt_cv_to_tool_file_cmd=func_convert_file_noop
lt_cv_truncate_bin='/bin/dd bs=4096 count=1'
pkg_cv_libplist_CFLAGS=-I/usr/local/include
pkg_cv_libplist_LIBS='-L/usr/local/lib -lplist'
pkg_cv_libplistmm_CFLAGS=-I/usr/local/include
pkg_cv_libplistmm_LIBS='-L/usr/local/lib -lplist++ -lplist'
pkg_cv_libusbmuxd_CFLAGS='-I/usr/local/Cellar/usbmuxd/HEAD-873252d_1/include -I/usr/local/include'
pkg_cv_libusbmuxd_LIBS='-L/usr/local/Cellar/usbmuxd/HEAD-873252d_1/lib -lusbmuxd'
pkg_cv_openssl_CFLAGS=
pkg_cv_openssl_LIBS='-L/usr/local/Cellar/openssl/1.0.2q/lib -lssl -lcrypto'

## ----------------- ##
## Output variables. ##
## ----------------- ##

ACLOCAL='${SHELL} /Users/lixing/Desktop/idb_mac/libimobiledevice-master/missing aclocal-1.16'
AMDEPBACKSLASH='\'
AMDEP_FALSE='#'
AMDEP_TRUE=''
AMTAR='$${TAR-tar}'
AM_BACKSLASH='\'
AM_DEFAULT_V='$(AM_DEFAULT_VERBOSITY)'
AM_DEFAULT_VERBOSITY='0'
AM_V='$(V)'
AR='ar'
AUTOCONF='${SHELL} /Users/lixing/Desktop/idb_mac/libimobiledevice-master/missing autoconf'
AUTOHEADER='${SHELL} /Users/lixing/Desktop/idb_mac/libimobiledevice-master/missing autoheader'
AUTOMAKE='${SHELL} /Users/lixing/Desktop/idb_mac/libimobiledevice-master/missing automake-1.16'
AWK='awk'
CC='gcc'
CCDEPMODE='depmode=gcc3'
CFLAGS='-g -O2'
CPP='gcc -E'
CPPFLAGS=''
CXX='g++'
CXXCPP='g++ -E'
CXXDEPMODE='depmode=gcc3'
CXXFLAGS='-g -O2'
CYGPATH_W='echo'
CYTHON='false'
CYTHON_LIB=''
CYTHON_PLIST_INCLUDE_DIR=''
CYTHON_PYTHON_CPPFLAGS='-I/usr/local/Cellar/python@2/2.7.15_1/Frameworks/Python.framework/Versions/2.7/include/python2.7 -I/usr/local/Cellar/python@2/2.7.15_1/Frameworks/Python.framework/Versions/2.7/include/python2.7'
CYTHON_PYTHON_OPT='-python'
CYTHON_SUB=''
DEFS='-DHAVE_CONFIG_H'
DEPDIR='.deps'
DLLTOOL='false'
DSYMUTIL='dsymutil'
DUMPBIN=''
ECHO_C='\c'
ECHO_N=''
ECHO_T=''
EGREP='/usr/bin/grep -E'
EXEEXT=''
FGREP='/usr/bin/grep -F'
GLOBAL_CFLAGS='  -Wall -Wextra -Wmissing-declarations -Wredundant-decls -Wshadow -Wpointer-arith -Wwrite-strings -Wswitch-default -Wno-unused-parameter -fsigned-char -fvisibility=hidden'
GREP='/usr/bin/grep'
HAVE_CYTHON_FALSE=''
HAVE_CYTHON_TRUE='#'
INSTALL_DATA='${INSTALL} -m 644'
INSTALL_PROGRAM='${INSTALL}'
INSTALL_SCRIPT='${INSTALL}'
INSTALL_STRIP_PROGRAM='$(install_sh) -c -s'
LD='/Applications/Xcode.app/Contents/Developer/Toolchains/XcodeDefault.xctoolchain/usr/bin/ld'
LDFLAGS=''
LFS_CFLAGS=' -D_LARGE_FILES=1'
LIBIMOBILEDEVICE_SO_VERSION='6:0:0'
LIBOBJS=''
LIBPLISTMM_VERSION='1.11'
LIBPLIST_VERSION='1.11'
LIBS=''
LIBTOOL='$(SHELL) $(top_builddir)/libtool'
LIBUSBMUXD_VERSION='1.1.0'
LIPO='lipo'
LN_S='ln -s'
LTLIBOBJS=''
LT_SYS_LIBRARY_PATH=''
MAKEINFO='${SHELL} /Users/lixing/Desktop/idb_mac/libimobiledevice-master/missing makeinfo'
MANIFEST_TOOL=':'
MKDIR_P='./install-sh -c -d'
NM='/usr/bin/nm -B'
NMEDIT='nmedit'
OBJDUMP='objdump'
OBJEXT='o'
OTOOL64=':'
OTOOL='otool'
PACKAGE='libimobiledevice'
PACKAGE_BUGREPORT='https://github.com/libimobiledevice/libimobiledevice/issues'
PACKAGE_NAME='libimobiledevice'
PACKAGE_STRING='libimobiledevice 1.2.1'
PACKAGE_TARNAME='libimobiledevice'
PACKAGE_URL='http://libimobiledevice.org'
PACKAGE_VERSION='1.2.1'
PATH_SEPARATOR=':'
PKG_CONFIG='/usr/local/bin/pkg-config'
PKG_CONFIG_LIBDIR=''
PKG_CONFIG_PATH='/usr/local/Cellar/openssl/1.0.2q/lib/pkgconfig:'
PTHREAD_CC=''
PTHREAD_CFLAGS=''
PTHREAD_LIBS=''
PYTHON='/usr/local/bin/python'
PYTHON_CPPFLAGS='-I/usr/local/Cellar/python@2/2.7.15_1/Frameworks/Python.framework/Versions/2.7/include/python2.7 -I/usr/local/Cellar/python@2/2.7.15_1/Frameworks/Python.framework/Versions/2.7/include/python2.7'
PYTHON_EXEC_PREFIX='${exec_prefix}'
PYTHON_EXTRA_LDFLAGS='-u _PyMac_Error /usr/local/opt/python@2/Frameworks/Python.framework/Versions/2.7/Python'
PYTHON_EXTRA_LIBS='('\'''\'', '\''-ldl  -framework CoreFoundation'\'')'
PYTHON_LDFLAGS='-L/usr/local/opt/python@2/Frameworks/Python.framework/Versions/2.7/lib/python2.7/config -lpython2.7 -ldl -framework CoreFoundation'
PYTHON_PLATFORM='darwin'
PYTHON_PREFIX='${prefix}'
PYTHON_SITE_PKG='/usr/local/Cellar/python@2/2.7.15_1/Frameworks/Python.framework/Versions/2.7/lib/python2.7/site-packages'
PYTHON_VERSION='2.7'
RANLIB='ranlib'
SED='/usr/bin/sed'
SET_MAKE=''
SHELL='/bin/sh'
STRIP='strip'
VERSION='1.2.1'
WIN32_FALSE=''
WIN32_TRUE='#'
ac_ct_AR='ar'
ac_ct_CC='gcc'
ac_ct_CXX='g++'
ac_ct_DUMPBIN=''
am__EXEEXT_FALSE=''
am__EXEEXT_TRUE='#'
am__fastdepCC_FALSE='#'
am__fastdepCC_TRUE=''
am__fastdepCXX_FALSE='#'
am__fastdepCXX_TRUE=''
am__include='include'
am__isrc=''
am__leading_dot='.'
am__nodep='_no'
am__quote=''
am__tar='$${TAR-tar} chof - "$$tardir"'
am__untar='$${TAR-tar} xf -'
ax_pthread_config=''
bindir='${exec_prefix}/bin'
build='x86_64-apple-darwin17.7.0'
build_alias=''
build_cpu='x86_64'
build_os='darwin17.7.0'
build_vendor='apple'
datadir='${datarootdir}'
datarootdir='${prefix}/share'
docdir='${datarootdir}/doc/${PACKAGE_TARNAME}'
dvidir='${docdir}'
exec_prefix='${prefix}'
host='x86_64-apple-darwin17.7.0'
host_alias=''
host_cpu='x86_64'
host_os='darwin17.7.0'
host_vendor='apple'
htmldir='${docdir}'
includedir='${prefix}/include'
infodir='${datarootdir}/info'
install_sh='${SHELL} /Users/lixing/Desktop/idb_mac/libimobiledevice-master/install-sh'
libdir='${exec_prefix}/lib'
libexecdir='${exec_prefix}/libexec'
libgcrypt_LIBS=''
libgnutls_CFLAGS=''
libgnutls_LIBS=''
libplist_CFLAGS='-I/usr/local/include'
libplist_LIBS='-L/usr/local/lib -lplist'
libplistmm_CFLAGS='-I/usr/local/include'
libplistmm_LIBS='-L/usr/local/lib -lplist++ -lplist'
libtasn1_CFLAGS=''
libtasn1_LIBS=''
libusbmuxd_CFLAGS='-I/usr/local/Cellar/usbmuxd/HEAD-873252d_1/include -I/usr/local/include'
libusbmuxd_LIBS='-L/usr/local/Cellar/usbmuxd/HEAD-873252d_1/lib -lusbmuxd'
localedir='${datarootdir}/locale'
localstatedir='${prefix}/var'
mandir='${datarootdir}/man'
mkdir_p='$(MKDIR_P)'
oldincludedir='/usr/include'
openssl_CFLAGS=''
openssl_LIBS='-L/usr/local/Cellar/openssl/1.0.2q/lib -lssl -lcrypto'
pdfdir='${docdir}'
pkgpyexecdir='${pyexecdir}/libimobiledevice'
pkgpythondir='${pythondir}/libimobiledevice'
prefix='/usr/local'
program_transform_name='s,x,x,'
psdir='${docdir}'
pyexecdir='${exec_prefix}/lib/python2.7/site-packages'
pythondir='${prefix}/lib/python2.7/site-packages'
sbindir='${exec_prefix}/sbin'
sharedstatedir='${prefix}/com'
ssl_requires='openssl >= 0.9.8'
sysconfdir='${prefix}/etc'
target_alias=''

## ----------- ##
## confdefs.h. ##
## ----------- ##

/* confdefs.h */
#define PACKAGE_NAME "libimobiledevice"
#define PACKAGE_TARNAME "libimobiledevice"
#define PACKAGE_VERSION "1.2.1"
#define PACKAGE_STRING "libimobiledevice 1.2.1"
#define PACKAGE_BUGREPORT "https://github.com/libimobiledevice/libimobiledevice/issues"
#define PACKAGE_URL "http://libimobiledevice.org"
#define PACKAGE "libimobiledevice"
#define VERSION "1.2.1"
#define STDC_HEADERS 1
#define HAVE_SYS_TYPES_H 1
#define HAVE_SYS_STAT_H 1
#define HAVE_STDLIB_H 1
#define HAVE_STRING_H 1
#define HAVE_MEMORY_H 1
#define HAVE_STRINGS_H 1
#define HAVE_INTTYPES_H 1
#define HAVE_STDINT_H 1
#define HAVE_UNISTD_H 1
#define HAVE_DLFCN_H 1
#define LT_OBJDIR ".libs/"
#define STDC_HEADERS 1
#define HAVE_STDINT_H 1
#define HAVE_STDLIB_H 1
#define HAVE_STRING_H 1
#define HAVE_GCRYPT_H 1
#define HAVE_ASPRINTF 1
#define HAVE_STRCASECMP 1
#define HAVE_STRDUP 1
#define HAVE_STRERROR 1
#define HAVE_STRNDUP 1
#define HAVE_STPCPY 1
#define HAVE_VASPRINTF 1
#define __LITTLE_ENDIAN 1234
#define __BIG_ENDIAN 4321
#define __BYTE_ORDER 1234
#define HAVE_DIRENT_D_TYPE 1
#define HAVE_OPENSSL 1
#define STRIP_DEBUG_CODE 1
#define HAVE_FVISIBILITY 1
#define _FILE_OFFSET_BITS 64
#define HAVE_FSEEKO 1

configure: exit 0

## ---------------------- ##
## Running config.status. ##
## ---------------------- ##

This file was extended by libimobiledevice config.status 1.2.1, which was
generated by GNU Autoconf 2.69.  Invocation command line was

  CONFIG_FILES    = 
  CONFIG_HEADERS  = 
  CONFIG_LINKS    = 
  CONFIG_COMMANDS = 
  $ ./config.status config.h

on bogon

config.status:1227: creating config.h
config.status:1408: config.h is unchanged
